<?xml version="1.0" encoding="UTF-8"?>
<!-- Generated by org.testng.reporters.JUnitReportReporter -->
<testsuite skipped="0" hostname="PAVAN-PC" name="com.crm.qa.TestCases.LoginPageTest" tests="3" failures="0" timestamp="26 Apr 2019 17:15:16 GMT" time="63.115" errors="0">
  <testcase name="loginPageTitleTest" time="12.958" classname="com.crm.qa.TestCases.LoginPageTest"/>
  <testcase name="crmLogoImageTest" time="12.923" classname="com.crm.qa.TestCases.LoginPageTest"/>
  <testcase name="loginTest" time="37.234" classname="com.crm.qa.TestCases.LoginPageTest"/>
</testsuite> <!-- com.crm.qa.TestCases.LoginPageTest -->
