<?xml version="1.0" encoding="UTF-8"?>
<!-- Generated by org.testng.reporters.JUnitReportReporter -->
<testsuite skipped="0" hostname="PAVAN-PC" name="com.crm.qa.TestCases.HomePageTest" tests="4" failures="0" timestamp="26 Apr 2019 17:15:16 GMT" time="103.662" errors="0">
  <testcase name="verifyHomePageTitleTest" time="23.214" classname="com.crm.qa.TestCases.HomePageTest"/>
  <testcase name="verifyUserNameTest" time="24.379" classname="com.crm.qa.TestCases.HomePageTest"/>
  <testcase name="verifyContactsLinkTest" time="24.212" classname="com.crm.qa.TestCases.HomePageTest"/>
  <testcase name="verifyDealsPageLinkTest" time="31.857" classname="com.crm.qa.TestCases.HomePageTest"/>
</testsuite> <!-- com.crm.qa.TestCases.HomePageTest -->
